<?xml version="1.0" encoding="UTF-8"?>
<!-- Generated by org.testng.reporters.JUnitXMLReporter -->
<testsuite ignored="0" hostname="DESKTOP-AF4NVM0" failures="0" tests="4" name="Test" time="6.263" errors="0" timestamp="2025-05-12T11:12:06 IST">
  <testcase classname="api.GetUserTest" name="getSingleUserTest" time="3.787"/>
  <testcase classname="api.CreateUserTest" name="postcreateUserTest" time="0.875"/>
  <testcase classname="api.UpdateUserTest" name="updateUserTest" time="0.433"/>
  <testcase classname="api.DeleteUserTest" name="deleteUserTest" time="0.385"/>
</testsuite> <!-- Test -->
