<?xml version="1.0" encoding="UTF-8"?>
<testng-results ignored="0" total="1" passed="1" failed="0" skipped="0">
  <reporter-output>
  </reporter-output>
  <suite started-at="2025-05-12T11:29:45 IST" name="Default suite" finished-at="2025-05-12T11:29:52 IST" duration-ms="6444">
    <groups>
    </groups>
    <test started-at="2025-05-12T11:29:45 IST" name="Default test" finished-at="2025-05-12T11:29:52 IST" duration-ms="6444">
      <class name="api.GetUserTest">
        <test-method is-config="true" signature="setup()[pri:0, instance:api.GetUserTest@5c33f1a9]" started-at="2025-05-12T11:29:46 IST" name="setup" finished-at="2025-05-12T11:29:46 IST" duration-ms="659" status="PASS">
          <reporter-output>
          </reporter-output>
        </test-method> <!-- setup -->
        <test-method signature="getSingleUserTest()[pri:0, instance:api.GetUserTest@5c33f1a9]" started-at="2025-05-12T11:29:46 IST" name="getSingleUserTest" finished-at="2025-05-12T11:29:52 IST" duration-ms="5723" status="PASS">
          <reporter-output>
          </reporter-output>
        </test-method> <!-- getSingleUserTest -->
      </class> <!-- api.GetUserTest -->
    </test> <!-- Default test -->
  </suite> <!-- Default suite -->
</testng-results>
