<?xml version="1.0" encoding="UTF-8"?>
<testng-results ignored="0" total="4" passed="4" failed="0" skipped="0">
  <reporter-output>
  </reporter-output>
  <suite started-at="2025-05-12T11:11:59 IST" name="Suite" finished-at="2025-05-12T11:12:05 IST" duration-ms="6263">
    <groups>
    </groups>
    <test started-at="2025-05-12T11:11:59 IST" name="Test" finished-at="2025-05-12T11:12:05 IST" duration-ms="6263">
      <class name="api.UpdateUserTest">
        <test-method signature="updateUserTest()[pri:0, instance:api.UpdateUserTest@57bc27f5]" started-at="2025-05-12T11:12:04 IST" name="updateUserTest" finished-at="2025-05-12T11:12:05 IST" duration-ms="433" status="PASS">
          <reporter-output>
          </reporter-output>
        </test-method> <!-- updateUserTest -->
      </class> <!-- api.UpdateUserTest -->
      <class name="api.DeleteUserTest">
        <test-method signature="deleteUserTest()[pri:0, instance:api.DeleteUserTest@5fb759d6]" started-at="2025-05-12T11:12:05 IST" name="deleteUserTest" finished-at="2025-05-12T11:12:05 IST" duration-ms="385" status="PASS">
          <reporter-output>
          </reporter-output>
        </test-method> <!-- deleteUserTest -->
      </class> <!-- api.DeleteUserTest -->
      <class name="api.CreateUserTest">
        <test-method signature="postcreateUserTest()[pri:0, instance:api.CreateUserTest@5c7933ad]" started-at="2025-05-12T11:12:04 IST" name="postcreateUserTest" finished-at="2025-05-12T11:12:04 IST" duration-ms="875" status="PASS">
          <reporter-output>
          </reporter-output>
        </test-method> <!-- postcreateUserTest -->
      </class> <!-- api.CreateUserTest -->
      <class name="api.GetUserTest">
        <test-method is-config="true" signature="setup()[pri:0, instance:api.GetUserTest@f1da57d]" started-at="2025-05-12T11:11:59 IST" name="setup" finished-at="2025-05-12T11:12:00 IST" duration-ms="713" status="PASS">
          <reporter-output>
          </reporter-output>
        </test-method> <!-- setup -->
        <test-method signature="getSingleUserTest()[pri:0, instance:api.GetUserTest@f1da57d]" started-at="2025-05-12T11:12:00 IST" name="getSingleUserTest" finished-at="2025-05-12T11:12:04 IST" duration-ms="3787" status="PASS">
          <reporter-output>
          </reporter-output>
        </test-method> <!-- getSingleUserTest -->
      </class> <!-- api.GetUserTest -->
    </test> <!-- Test -->
  </suite> <!-- Suite -->
</testng-results>
